2022-09-15 08:16:26,341:INFO:root:Funkcija suma įvykdyta, skaičių (8, 6, 4, 6) suma lygi 24
2022-09-15 08:16:26,341:INFO:root:Funkcija saknis įvykdyta, skaičiaus 9 šaknis lygi 3.0
2022-09-15 08:16:26,341:INFO:root:Funkcija simboliu_kiekis įvykdyta, sakinio Donatas Noreika ilgis lygus 15
2022-09-15 08:16:26,341:INFO:root:Funkcija dalyba įvykdyta, 20 / 3 = 6.666666666666667
2022-09-15 08:19:22,488:INFO:root:Funkcija suma įvykdyta, skaičių (8, 6, 4, 6) suma lygi 24
2022-09-15 08:19:34,928:INFO:root:Funkcija suma įvykdyta, skaičių (8, 6, 4, 6) suma lygi 24
2022-09-15 08:19:34,928:ERROR:root:Funkcija saknis neįvykdyta, paduotas ne skaičius
Traceback (most recent call last):
  File "C:\Users\donor\PycharmProjects\astuoniolikta\uzduotis1.py", line 15, in saknis
    res = sqrt(skaicius)
TypeError: must be real number, not str
2022-09-15 08:19:34,929:INFO:root:Funkcija simboliu_kiekis įvykdyta, sakinio Donatas Noreika ilgis lygus 15
2022-09-15 08:19:34,929:INFO:root:Funkcija dalyba įvykdyta, 20 / 3 = 6.666666666666667
2022-09-15 08:21:25,911:INFO:root:Funkcija suma įvykdyta, skaičių (8, 6, 4, 6) suma lygi 24
2022-09-15 08:21:25,912:ERROR:root:Funkcija saknis neįvykdyta, paduotas ne skaičius
Traceback (most recent call last):
  File "C:\Users\donor\PycharmProjects\astuoniolikta\uzduotis1.py", line 15, in saknis
    res = sqrt(skaicius)
TypeError: must be real number, not str
2022-09-15 08:21:25,912:INFO:root:Funkcija simboliu_kiekis įvykdyta, sakinio Donatas Noreika ilgis lygus 15
2022-09-15 08:21:25,912:INFO:root:Funkcija dalyba įvykdyta, 20 / 3 = 6.666666666666667
2022-09-15 08:21:41,786:INFO:root:Funkcija suma įvykdyta, skaičių (8, 6, 4, 6) suma lygi 24
2022-09-15 08:21:41,786:INFO:root:Funkcija saknis įvykdyta, skaičiaus 5 šaknis lygi 2.23606797749979
2022-09-15 08:21:41,786:INFO:root:Funkcija simboliu_kiekis įvykdyta, sakinio Donatas Noreika ilgis lygus 15
2022-09-15 08:21:41,786:ERROR:root:Funkcija saknis neįvykdyta, dalyba iš nulio negalima
Traceback (most recent call last):
  File "C:\Users\donor\PycharmProjects\astuoniolikta\uzduotis1.py", line 29, in dalyba
    res = x / y
ZeroDivisionError: division by zero
2022-09-15 08:22:02,387:INFO:root:Funkcija suma įvykdyta, skaičių (8, 6, 4, 6) suma lygi 24
2022-09-15 08:22:02,388:INFO:root:Funkcija saknis įvykdyta, skaičiaus 5 šaknis lygi 2.23606797749979
2022-09-15 08:22:02,388:INFO:root:Funkcija simboliu_kiekis įvykdyta, sakinio Donatas Noreika ilgis lygus 15
2022-09-15 08:22:02,388:ERROR:root:Funkcija dalyba neįvykdyta, dalyba iš nulio negalima
Traceback (most recent call last):
  File "C:\Users\donor\PycharmProjects\astuoniolikta\uzduotis1.py", line 29, in dalyba
    res = x / y
ZeroDivisionError: division by zero
2022-09-15 08:23:42,929:INFO:root:Funkcija suma įvykdyta, skaičių (8, 6, 4, 6) suma lygi 24
2022-09-15 08:23:42,929:INFO:root:Funkcija saknis įvykdyta, skaičiaus 5 šaknis lygi 2.23606797749979
2022-09-15 08:23:42,929:INFO:root:Funkcija simboliu_kiekis įvykdyta, sakinio Donatas Noreika ilgis lygus 15
2022-09-15 08:23:42,929:ERROR:root:Funkcija dalyba neįvykdyta, dalyba iš nulio negalima
Traceback (most recent call last):
  File "C:\Users\donor\PycharmProjects\astuoniolikta\uzduotis1.py", line 28, in dalyba
    res = x / y
ZeroDivisionError: division by zero
2022-09-15 08:24:13,413:INFO:root:Funkcija suma įvykdyta, skaičių (8, 6, 4, 6) suma lygi 24
2022-09-15 08:24:13,413:INFO:root:Funkcija saknis įvykdyta, skaičiaus 5 šaknis lygi 2.23606797749979
2022-09-15 08:24:13,413:INFO:root:Funkcija simboliu_kiekis įvykdyta, sakinio Donatas Noreika ilgis lygus 15
2022-09-15 08:24:13,413:ERROR:root:Funkcija dalyba neįvykdyta, dalyba iš nulio negalima
Traceback (most recent call last):
  File "C:\Users\donor\PycharmProjects\astuoniolikta\uzduotis1.py", line 28, in dalyba
    res = x / y
ZeroDivisionError: division by zero
